<resources>
	<Resource id="jdbc/LocalDS" type="DataSource">
		JdbcDriver com.mysql.jdbc.Driver
		JdbcUrl jdbc:mysql://localhost/document
		UserName root
		Password admin
	</Resource>
</resources>