<?xml version="1.0" encoding="UTF-8"?>
<web-app xmlns:xsi="http://www.w3.org/2001/XMLSchema-instance"
	xmlns="http://java.sun.com/xml/ns/javaee" xmlns:web="http://java.sun.com/xml/ns/javaee/web-app_2_5.xsd"
	xsi:schemaLocation="http://java.sun.com/xml/ns/javaee 
  http://java.sun.com/xml/ns/javaee/web-app_3_0.xsd"
	id="WebApp_ID" version="3.0">

	<display-name>Tomcat 7.0.54 + REST + CDI + JSON + MySql Example</display-name>

	<resource-ref>
    	<description>Mysql DB</description>
    	<res-ref-name>jdbc/LocalDS</res-ref-name>
    	<res-type>javax.sql.DataSource</res-type>
 		<res-auth>Container</res-auth>
  	</resource-ref>

	<!-- Resteasy -->
	<context-param>
		<param-name>resteasy.servlet.mapping.prefix</param-name>
		<param-value>/</param-value>
	</context-param>
	<servlet>
		<servlet-name>Resteasy</servlet-name>
		<servlet-class>org.jboss.resteasy.pluigins.server.servlet.HttpServletDispatcher</servlet-class>
		<init-param>
			<param-name>javax.ws.rs.Application</param-name>
			<param-value>com.avoodoo.store.document.resource.RestApplication</param-value>
		</init-param>
		<init-param>
			<param-name>resteasy.scann</param-name>
			<param-value>false</param-value>
		</init-param>
		<load-on-startup>1</load-on-startup>
	</servlet>
	<servlet-mapping>
		<servlet-name>Resteasy</servlet-name>
		<url-pattern>/*</url-pattern>
	</servlet-mapping>

</web-app>
